Build started 08/03/2013 08:58:33.
     1>Project "D:\desenv\bioinfo_ufrj\DNAToProtein\DNAToProtein\DNAToProtein.vcxproj" on node 2 (build target(s)).
     1>InitializeBuildStatus:
         Creating "Debug\DNAToProtein.unsuccessfulbuild" because "AlwaysCreate" was specified.
       AddCudaCompileDeps:
       Skipping target "AddCudaCompileDeps" because all output files are up-to-date with respect to the input files.
       AddCudaCompilePropsDeps:
       Skipping target "AddCudaCompilePropsDeps" because all output files are up-to-date with respect to the input files.
       CudaBuild:
       Skipping target "CudaBuild" because all output files are up-to-date with respect to the input files.
       ClCompile:
         D:\Program Files (x86)\Microsoft Visual Studio 10.0\VC\bin\CL.exe /c /I"C:\Program Files\NVIDIA GPU Computing Toolkit\CUDA\v5.0\include" /ZI /nologo /W3 /WX- /Od /Oy- /D _MBCS /Gm /EHsc /RTC1 /MDd /GS /fp:precise /Zc:wchar_t /Zc:forScope /Fo"Debug\\" /Fd"Debug\vc100.pdb" /Gd /TP /analyze- /errorReport:prompt ..\src\DNATranslation.cpp
         DNATranslation.cpp
     1>d:\desenv\bioinfo_ufrj\dnatoprotein\src\dnatranslation.cpp(48): warning C4996: 'itoa': The POSIX name for this item is deprecated. Instead, use the ISO C++ conformant name: _itoa. See online help for details.
                 d:\program files (x86)\microsoft visual studio 10.0\vc\include\stdlib.h(867) : see declaration of 'itoa'
       ManifestResourceCompile:
         All outputs are up-to-date.
       Link:
         D:\Program Files (x86)\Microsoft Visual Studio 10.0\VC\bin\link.exe /ERRORREPORT:PROMPT /OUT:"D:\desenv\bioinfo_ufrj\DNAToProtein\Debug\DNAToProtein.exe" /INCREMENTAL /NOLOGO /LIBPATH:"C:\Program Files\NVIDIA GPU Computing Toolkit\CUDA\v5.0\lib\Win32" cudart.lib kernel32.lib user32.lib gdi32.lib winspool.lib comdlg32.lib advapi32.lib shell32.lib ole32.lib oleaut32.lib uuid.lib odbc32.lib odbccp32.lib kernel32.lib user32.lib gdi32.lib winspool.lib comdlg32.lib advapi32.lib shell32.lib ole32.lib oleaut32.lib uuid.lib odbc32.lib odbccp32.lib /MANIFEST /ManifestFile:"Debug\DNAToProtein.exe.intermediate.manifest" /MANIFESTUAC:"level='asInvoker' uiAccess='false'" /DEBUG /PDB:"D:\desenv\bioinfo_ufrj\DNAToProtein\Debug\DNAToProtein.pdb" /SUBSYSTEM:CONSOLE /TLBID:1 /DYNAMICBASE /NXCOMPAT /IMPLIB:"D:\desenv\bioinfo_ufrj\DNAToProtein\Debug\DNAToProtein.lib" /MACHINE:X86 Debug\kernels.cu.obj
         Debug\DNAToProtein.exe.embed.manifest.res
         Debug\DNATranslatorImpl.obj
         Debug\DNATranslatorTimed.obj
         Debug\CudaTimer.obj
         Debug\SequenceReader.obj
         Debug\SequenceWriter.obj
         Debug\DNATranslation.obj
       Manifest:
         C:\Program Files (x86)\Microsoft SDKs\Windows\v7.0A\bin\mt.exe /nologo /verbose /out:"Debug\DNAToProtein.exe.embed.manifest" /manifest Debug\DNAToProtein.exe.intermediate.manifest
         All outputs are up-to-date.
       LinkEmbedManifest:
         All outputs are up-to-date.
         DNAToProtein.vcxproj -> D:\desenv\bioinfo_ufrj\DNAToProtein\Debug\DNAToProtein.exe
       PostBuildEvent:
         echo copy "C:\Program Files\NVIDIA GPU Computing Toolkit\CUDA\v5.0\bin\cudart*.dll" "D:\desenv\bioinfo_ufrj\DNAToProtein\Debug\"
         copy "C:\Program Files\NVIDIA GPU Computing Toolkit\CUDA\v5.0\bin\cudart*.dll" "D:\desenv\bioinfo_ufrj\DNAToProtein\Debug\"
         :VCEnd
         copy "C:\Program Files\NVIDIA GPU Computing Toolkit\CUDA\v5.0\bin\cudart*.dll" "D:\desenv\bioinfo_ufrj\DNAToProtein\Debug\"
         C:\Program Files\NVIDIA GPU Computing Toolkit\CUDA\v5.0\bin\cudart32_50_35.dll
         C:\Program Files\NVIDIA GPU Computing Toolkit\CUDA\v5.0\bin\cudart64_50_35.dll
                 2 arquivo(s) copiado(s).
       FinalizeBuildStatus:
         Deleting file "Debug\DNAToProtein.unsuccessfulbuild".
         Touching "Debug\DNAToProtein.lastbuildstate".
     1>Done Building Project "D:\desenv\bioinfo_ufrj\DNAToProtein\DNAToProtein\DNAToProtein.vcxproj" (build target(s)).

Build succeeded.

Time Elapsed 00:00:00.86
